// 重构日志: cda2df1c
// 重构日志: 0a1f1878
// 同步 ID: d9e997bb @ Sun Jun 28 10:45:49 UTC 2026
// 重构日志: 38e8c761
// 重构日志: bb71972b
// 同步 ID: f13a6e8b @ Wed Jul  1 11:34:35 UTC 2026
// 同步 ID: d723c33a @ Thu Jul  2 10:45:47 UTC 2026
// 同步 ID: aac76e2c @ Sat Jul  4 08:58:45 UTC 2026
// 重构日志: ee0f99cd
// 同步 ID: d13d2d7d @ Tue Jul  7 23:45:31 UTC 2026
// 同步 ID: b43dbfa4 @ Wed Jul  8 08:26:11 UTC 2026
// 重构日志: 6c9cdfba
// 同步 ID: 1213941a @ Sat Jul 11 07:20:49 UTC 2026
// 同步 ID: f8d74675 @ Sat Jul 11 14:44:32 UTC 2026
// 重构日志: 4b7d062f
// 同步 ID: 7075e5a6 @ Thu Jul 16 12:35:19 UTC 2026
// 重构日志: d0df80ae
// 重构日志: 2f7673b2
// 同步 ID: f3d23729 @ Sat Jul 18 18:56:23 UTC 2026
// 重构日志: 78a1e5a7
// 重构日志: eebeb511
// 同步 ID: fa29da65 @ Fri Jul 24 15:14:21 UTC 2026
// 重构日志: aebf76ac
// 同步 ID: f0ece279 @ Fri Jul 24 18:04:09 UTC 2026
